<?xml version="1.0" encoding="UTF-8"?>
<testsuites tests="0" failures="1" errors="0" time="0.647563">
	<testsuite tests="0" failures="0" time="0.648000" name="github.com/Dynatrace/dynatrace-operator/test/scenarios/standard" timestamp="2025-09-18T12:44:10+02:00">
		<properties>
			<property name="go.version" value="go1.24.2 linux/amd64"></property>
		</properties>
		<testcase classname="" name="TestMain" time="0.000000">
			<failure message="Failed" type="">out: make[2]: Entering directory &#39;/home/local_albertogildedios/dev/dynatrace-operator&#39;&#xA;helm upgrade dynatrace-operator 0.0.0-nightly-chart \&#xA;&#x9;&#x9;--install \&#xA;&#x9;&#x9;--namespace dynatrace \&#xA;&#x9;&#x9;--create-namespace \&#xA;&#x9;&#x9;--atomic \&#xA;&#x9;&#x9;--set installCRD=true \&#xA;&#x9;&#x9;--set csidriver.enabled=true \&#xA;&#x9;&#x9;--set manifests=true \&#xA;&#x9;&#x9;--set image=&#34;&#34;quay.io/dynatrace/dynatrace-operator:snapshot-run-e2e-over-nightly-chart&#34;&#34; \&#xA;&#x9;&#x9;--set debugLogs=true \&#xA;&#x9;&#x9;--set debug=false&#xA;Release &#34;dynatrace-operator&#34; does not exist. Installing it now.&#xA;make[2]: Leaving directory &#39;/home/local_albertogildedios/dev/dynatrace-operator&#39;&#xA;&#xA;err: Error: non-absolute URLs should be in form of repo_name/path_to_chart, got: 0.0.0-nightly-chart&#xA;make[2]: *** [hack/make/deploy/deploy.mk:15: deploy] Error 1&#xA;&#xA;F0918 12:44:10.724767  171369 env.go:375] Setup failure: exit status 2&#xA;FAIL&#x9;github.com/Dynatrace/dynatrace-operator/test/scenarios/standard&#x9;0.647s&#xA;</failure>
		</testcase>
	</testsuite>
</testsuites>